[2021-02-17 22:25:52,927] INFO: 群聊 成功 1289641558 1056858583 创建国服工会
[2021-02-17 22:25:54,927] INFO: 群聊 成功 1289641558 1056858583 加入公会
[2021-02-17 22:25:56,814] INFO: 群聊 成功 1289641558 1056858583 报刀1
[2021-02-17 22:26:23,382] INFO: 群聊 成功 1289641558 1056858583 报刀324532
[2021-02-18 08:48:28,696] INFO: 群聊 成功 1289641558 794486424 创建国服公会
[2021-02-18 08:50:32,544] INFO: 群聊 成功 609388956 794486424 加入公会
[2021-02-18 08:50:57,743] INFO: 群聊 成功 609388956 794486424 尾刀
[2021-02-18 08:51:08,783] INFO: 群聊 成功 609388956 794486424 尾刀
[2021-02-18 08:51:11,185] INFO: 群聊 成功 609388956 794486424 尾刀
[2021-02-18 08:51:12,916] INFO: 群聊 失败 1220363891 794486424 尾刀
[2021-02-18 08:51:15,051] INFO: 群聊 成功 609388956 794486424 尾刀
[2021-02-18 08:51:17,510] INFO: 群聊 成功 609388956 794486424 尾刀
[2021-02-18 08:51:19,895] INFO: 群聊 成功 609388956 794486424 尾刀
[2021-02-18 08:51:22,361] INFO: 群聊 失败 609388956 794486424 尾刀
[2021-02-18 08:51:26,026] INFO: 群聊 成功 1260763431 794486424 加入公会
[2021-02-18 08:51:33,308] INFO: 群聊 成功 1260763431 794486424 尾刀
[2021-02-18 08:51:39,607] INFO: 群聊 成功 1260763431 794486424 尾刀
[2021-02-18 08:51:42,766] INFO: 群聊 成功 1260763431 794486424 尾刀
[2021-02-18 08:53:13,239] INFO: 群聊 成功 609388956 794486424 挂树
[2021-02-18 09:02:53,733] INFO: 群聊 失败 38824231 794486424 预约3
[2021-02-18 09:03:16,607] INFO: 群聊 失败 38824231 794486424 创建公会
[2021-02-18 09:37:09,067] INFO: 群聊 失败 1663285478 794486424 尾刀
[2021-02-18 09:37:26,304] INFO: 群聊 成功 1663285478 794486424 加入公会
[2021-02-18 09:37:32,170] INFO: 群聊 成功 1663285478 794486424 尾刀
[2021-02-18 10:12:25,668] INFO: 群聊 失败 307824248 794486424 尾刀
[2021-02-18 10:12:31,843] INFO: 群聊 成功 307824248 794486424 加入公会
[2021-02-18 10:12:33,867] INFO: 群聊 成功 307824248 794486424 尾刀
[2021-02-18 10:12:36,466] INFO: 群聊 成功 307824248 794486424 尾刀
[2021-02-18 10:12:38,875] INFO: 群聊 成功 307824248 794486424 尾刀
[2021-02-18 10:12:44,020] INFO: 群聊 成功 307824248 794486424 尾刀
[2021-02-18 10:12:48,686] INFO: 群聊 成功 307824248 794486424 尾刀
[2021-02-18 10:12:53,933] INFO: 群聊 成功 307824248 794486424 尾刀
[2021-02-18 10:12:56,945] INFO: 群聊 失败 307824248 794486424 尾刀
[2021-02-18 10:17:44,849] INFO: 群聊 失败 1220363891 794486424 尾刀
[2021-02-18 10:17:48,395] INFO: 群聊 成功 1220363891 794486424 加入公会
[2021-02-18 10:17:53,615] INFO: 群聊 成功 1220363891 794486424 尾刀
[2021-02-18 10:17:55,394] INFO: 群聊 成功 1220363891 794486424 尾刀
[2021-02-18 10:17:57,871] INFO: 群聊 成功 1220363891 794486424 尾刀
[2021-02-18 10:18:03,719] INFO: 群聊 成功 1220363891 794486424 尾刀
[2021-02-18 10:18:07,020] INFO: 群聊 成功 1220363891 794486424 尾刀
[2021-02-18 10:18:09,133] INFO: 群聊 成功 1220363891 794486424 尾刀
[2021-02-18 10:18:37,822] INFO: 群聊 失败 1220363891 794486424 尾刀
